<?xml version="1.0" encoding="UTF-8"?>
<!-- Generated by org.testng.reporters.JUnitXMLReporter -->
<testsuite ignored="0" hostname="NLPULTP7204778" failures="0" tests="4" name="PetTest" time="8.205" errors="0" timestamp="2024-03-11T16:05:17 IST">
  <testcase classname="api.tests.User_Test2" name="test_post" time="2.818"/>
  <testcase classname="api.tests.User_Test2" name="test_getuser" time="1.219"/>
  <testcase classname="api.tests.User_Test2" name="test_update" time="2.267"/>
  <testcase classname="api.tests.User_Test2" name="test_deleteuser" time="1.186"/>
</testsuite> <!-- PetTest -->
