<?xml version="1.0" encoding="UTF-8"?>
<!-- Generated by org.testng.reporters.JUnitXMLReporter -->
<testsuite ignored="0" hostname="NLPULTP7204778" failures="0" tests="4" name="PetTest" time="8.176" errors="0" timestamp="2024-03-11T16:08:20 IST">
  <testcase classname="api.tests.User_Test2" name="test_post" time="2.655"/>
  <testcase classname="api.tests.User_Test2" name="test_getuser" time="1.176"/>
  <testcase classname="api.tests.User_Test2" name="test_update" time="2.282"/>
  <testcase classname="api.tests.User_Test2" name="test_deleteuser" time="1.108"/>
</testsuite> <!-- PetTest -->
